INFO:sim:172 - Generating IP...
Applying current project options...
Finished applying current project options.
WARNING:sim - A core named 'tmds_out_fifo' already exists in the project. Output
   products for this core may be overwritten.
Resolving generics for 'tmds_out_fifo'...
WARNING:sim - A core named 'tmds_out_fifo' already exists in the project. Output
   products for this core may be overwritten.
Applying external generics to 'tmds_out_fifo'...
Delivering associated files for 'tmds_out_fifo'...
Delivering EJava files for 'tmds_out_fifo'...
Generating implementation netlist for 'tmds_out_fifo'...
INFO:sim - Pre-processing HDL files for 'tmds_out_fifo'...
WARNING:sim - BlackBox generator run option '-ifmt' found multiple times. Only
   the first occurence is considered.
Running synthesis for 'tmds_out_fifo'
Running ngcbuild...
Writing VEO instantiation template for 'tmds_out_fifo'...
Writing Verilog behavioral simulation model for 'tmds_out_fifo'...
WARNING:sim - Overwriting existing file /media/ufarooq/My
   Passport/VHDL/Hello5_HDMI_IN/tmp/_cg/tmds_out_fifo/doc/fifo_generator_v9_3_vi
   nfo.html with file from view xilinx_documentation
Delivered 3 files into directory /media/ufarooq/My
Passport/VHDL/Hello5_HDMI_IN/tmp/_cg/tmds_out_fifo
Delivered 1 file into directory /media/ufarooq/My
Passport/VHDL/Hello5_HDMI_IN/tmp/_cg/tmds_out_fifo
Generating ASY schematic symbol...
INFO:sim:949 - Finished generation of ASY schematic symbol.
Generating SYM schematic symbol for 'tmds_out_fifo'...
Generating metadata file...
Generating ISE project file for 'tmds_out_fifo'...
Generating ISE project...
XCO file found: tmds_out_fifo.xco
XMDF file found: tmds_out_fifo_xmdf.tcl
Adding /media/ufarooq/My Passport/VHDL/Hello5_HDMI_IN/tmp/_cg/tmds_out_fifo.asy
-view all -origin_type imported
Adding /media/ufarooq/My Passport/VHDL/Hello5_HDMI_IN/tmp/_cg/tmds_out_fifo.ngc
-view all -origin_type created
Checking file "/media/ufarooq/My
Passport/VHDL/Hello5_HDMI_IN/tmp/_cg/tmds_out_fifo.ngc" for project device match
...
File "/media/ufarooq/My Passport/VHDL/Hello5_HDMI_IN/tmp/_cg/tmds_out_fifo.ngc"
device information matches project device.
Adding /media/ufarooq/My Passport/VHDL/Hello5_HDMI_IN/tmp/_cg/tmds_out_fifo.sym
-view all -origin_type imported
Adding /media/ufarooq/My Passport/VHDL/Hello5_HDMI_IN/tmp/_cg/tmds_out_fifo.v
-view all -origin_type created
INFO:HDLCompiler:1845 - Analyzing Verilog file "/media/ufarooq/My
   Passport/VHDL/Hello5_HDMI_IN/tmp/_cg/tmds_out_fifo.v" into library work
INFO:ProjectMgmt - Parsing design hierarchy completed successfully.
Adding /media/ufarooq/My Passport/VHDL/Hello5_HDMI_IN/tmp/_cg/tmds_out_fifo.veo
-view all -origin_type imported
INFO:TclTasksC:2116 - The automatic calculation of top has been turned-off.
   Please set the new top explicitly by running the "project set top" command.
   To re-calculate the new top automatically, set the "Auto Implementation Top"
   property to true.
Top level has been set to "/tmds_out_fifo"
Generating README file...
Generating FLIST file...
INFO:sim:948 - Finished FLIST file generation.
Launching README viewer...
Moving files to output directory...
Finished moving files to output directory
Wrote CGP file for project 'tmds_out_fifo'.
