Release 14.7 Map P.20131013 (lin64)
Xilinx Mapping Report File for Design 'dvi_in'

Design Information
------------------
Command Line   : map -intstyle ise -p xc6slx25-ftg256-3 -w -logic_opt off -ol
high -t 1 -xt 0 -register_duplication off -r 4 -global_opt off -mt off -ir off
-pr off -lc off -power off -o dvi_in_map.ncd dvi_in.ngd dvi_in.pcf 
Target Device  : xc6slx25
Target Package : ftg256
Target Speed   : -3
Mapper Version : spartan6 -- $Revision: 1.55 $
Mapped Date    : Tue Nov 11 12:04:24 2014

Design Summary
--------------
Number of errors:      0
Number of warnings:    5
Slice Logic Utilization:
  Number of Slice Registers:                   357 out of  30,064    1%
    Number used as Flip Flops:                 351
    Number used as Latches:                      0
    Number used as Latch-thrus:                  0
    Number used as AND/OR logics:                6
  Number of Slice LUTs:                        505 out of  15,032    3%
    Number used as logic:                      467 out of  15,032    3%
      Number using O6 output only:             334
      Number using O5 output only:              33
      Number using O5 and O6:                  100
      Number used as ROM:                        0
    Number used as Memory:                      27 out of   3,664    1%
      Number used as Dual Port RAM:             20
        Number using O6 output only:             0
        Number using O5 output only:             0
        Number using O5 and O6:                 20
      Number used as Single Port RAM:            0
      Number used as Shift Register:             7
        Number using O6 output only:             7
        Number using O5 output only:             0
        Number using O5 and O6:                  0
    Number used exclusively as route-thrus:     11
      Number with same-slice register load:      8
      Number with same-slice carry load:         3
      Number with other load:                    0

Slice Logic Distribution:
  Number of occupied Slices:                   209 out of   3,758    5%
  Number of MUXCYs used:                        52 out of   7,516    1%
  Number of LUT Flip Flop pairs used:          571
    Number with an unused Flip Flop:           279 out of     571   48%
    Number with an unused LUT:                  66 out of     571   11%
    Number of fully used LUT-FF pairs:         226 out of     571   39%
    Number of unique control sets:              22
    Number of slice register sites lost
      to control set restrictions:              74 out of  30,064    1%

  A LUT Flip Flop pair for this architecture represents one LUT paired with
  one Flip Flop within a slice.  A control set is a unique combination of
  clock, reset, set, and enable signals for a registered element.
  The Slice Logic Distribution report is not meaningful if the design is
  over-mapped for a non-slice resource or if Placement fails.

IO Utilization:
  Number of bonded IOBs:                        38 out of     186   20%
    Number of LOCed IOBs:                       38 out of      38  100%
    IOB Master Pads:                             4
    IOB Slave Pads:                              4

Specific Feature Utilization:
  Number of RAMB16BWERs:                         0 out of      52    0%
  Number of RAMB8BWERs:                          0 out of     104    0%
  Number of BUFIO2/BUFIO2_2CLKs:                 0 out of      32    0%
  Number of BUFIO2FB/BUFIO2FB_2CLKs:             0 out of      32    0%
  Number of BUFG/BUFGMUXs:                       5 out of      16   31%
    Number used as BUFGs:                        5
    Number used as BUFGMUX:                      0
  Number of DCM/DCM_CLKGENs:                     0 out of       4    0%
  Number of ILOGIC2/ISERDES2s:                   6 out of     272    2%
    Number used as ILOGIC2s:                     0
    Number used as ISERDES2s:                    6
  Number of IODELAY2/IODRP2/IODRP2_MCBs:         0 out of     272    0%
  Number of OLOGIC2/OSERDES2s:                   8 out of     272    2%
    Number used as OLOGIC2s:                     0
    Number used as OSERDES2s:                    8
  Number of BSCANs:                              0 out of       4    0%
  Number of BUFHs:                               0 out of     160    0%
  Number of BUFPLLs:                             2 out of       8   25%
  Number of BUFPLL_MCBs:                         0 out of       4    0%
  Number of DSP48A1s:                            0 out of      38    0%
  Number of ICAPs:                               0 out of       1    0%
  Number of MCBs:                                0 out of       2    0%
  Number of PCILOGICSEs:                         0 out of       2    0%
  Number of PLL_ADVs:                            2 out of       2  100%
  Number of PMVs:                                0 out of       1    0%
  Number of STARTUPs:                            0 out of       1    0%
  Number of SUSPEND_SYNCs:                       0 out of       1    0%

Average Fanout of Non-Clock Nets:                3.35

Peak Memory Usage:  707 MB
Total REAL time to MAP completion:  12 secs 
Total CPU time to MAP completion:   12 secs 

Table of Contents
-----------------
Section 1 - Errors
Section 2 - Warnings
Section 3 - Informational
Section 4 - Removed Logic Summary
Section 5 - Removed Logic
Section 6 - IOB Properties
Section 7 - RPMs
Section 8 - Guide Report
Section 9 - Area Group and Partition Summary
Section 10 - Timing Report
Section 11 - Configuration String Information
Section 12 - Control Set Information
Section 13 - Utilization by Hierarchy

Section 1 - Errors
------------------

Section 2 - Warnings
--------------------
WARNING:PhysDesignRules:367 - The signal
   <i_dvid_out/out_fifo/U0/xst_fifo_generator/gconvfifo.rf/grf.rf/gntv_or_sync_f
   ifo.mem/gdm.dm/Mram_RAM5_RAMD_D1_O> is incomplete. The signal does not drive
   any load pins in the design.
WARNING:PhysDesignRules:367 - The signal
   <i_dvid_out/out_fifo/U0/xst_fifo_generator/gconvfifo.rf/grf.rf/gntv_or_sync_f
   ifo.mem/gdm.dm/Mram_RAM2_RAMD_D1_O> is incomplete. The signal does not drive
   any load pins in the design.
WARNING:PhysDesignRules:367 - The signal
   <i_dvid_out/out_fifo/U0/xst_fifo_generator/gconvfifo.rf/grf.rf/gntv_or_sync_f
   ifo.mem/gdm.dm/Mram_RAM1_RAMD_D1_O> is incomplete. The signal does not drive
   any load pins in the design.
WARNING:PhysDesignRules:367 - The signal
   <i_dvid_out/out_fifo/U0/xst_fifo_generator/gconvfifo.rf/grf.rf/gntv_or_sync_f
   ifo.mem/gdm.dm/Mram_RAM3_RAMD_D1_O> is incomplete. The signal does not drive
   any load pins in the design.
WARNING:PhysDesignRules:367 - The signal
   <i_dvid_out/out_fifo/U0/xst_fifo_generator/gconvfifo.rf/grf.rf/gntv_or_sync_f
   ifo.mem/gdm.dm/Mram_RAM4_RAMD_D1_O> is incomplete. The signal does not drive
   any load pins in the design.

Section 3 - Informational
-------------------------
INFO:LIT:243 - Logical network leds<7> has no load.
INFO:LIT:395 - The above info message is repeated 14 more times for the
   following (max. 5 shown):
   leds<6>,
   leds<5>,
   leds<4>,
   leds<3>,
   leds<2>
   To see the details of these info messages, please use the -detail switch.
INFO:MapLib:562 - No environment variables are currently set.
INFO:MapLib:159 - Net Timing constraints on signal clk32 are pushed forward
   through input buffer.
INFO:MapLib:159 - Net Timing constraints on signal clk50 are pushed forward
   through input buffer.
INFO:MapLib:841 - Changing COMPENSATION attribute from SYSTEM_SYNCHRONOUS to
   INTERNAL for PLL_ADV Inst_clocking/PLL_BASE_inst/PLL_ADV.
INFO:MapLib:841 - Changing COMPENSATION attribute from SYSTEM_SYNCHRONOUS to
   INTERNAL for PLL_ADV PLL_BASE_inst/PLL_ADV.
INFO:LIT:244 - All of the single ended outputs in this design are using slew
   rate limited output drivers. The delay on speed critical single ended outputs
   can be dramatically reduced by designating them as fast outputs.
INFO:Pack:1716 - Initializing temperature to 85.000 Celsius. (default - Range:
   0.000 to 85.000 Celsius)
INFO:Pack:1720 - Initializing voltage to 1.140 Volts. (default - Range: 1.140 to
   1.260 Volts)
INFO:Map:215 - The Interim Design Summary has been generated in the MAP Report
   (.mrp).
INFO:Pack:1650 - Map created a placed design.

Section 4 - Removed Logic Summary
---------------------------------
   7 block(s) removed
   3 block(s) optimized away
   3 signal(s) removed

Section 5 - Removed Logic
-------------------------

The trimmed logic report below shows the logic removed from your design due to
sourceless or loadless signals, and VCC or ground connections.  If the removal
of a signal or symbol results in the subsequent removal of an additional signal
or symbol, the message explaining that second removal will be indented.  This
indentation will be repeated as a chain of related logic is removed.

To quickly locate the original cause for the removal of a chain of logic, look
above the place where that logic is listed in the trimming report, then locate
the lines that are least indented (begin at the leftmost edge).

Loadless block "BUFG_pclockx10" (CKBUF) removed.
Loadless block "BUFG_pclockx5" (CKBUF) removed.
Loadless block "Inst_clocking/BUFG_pclockx10" (CKBUF) removed.
Loadless block "ODDR2_inst" (ODDR2) removed.
 The signal "hdmi_clk_buffered_INV_2_o" is loadless and has been removed.
  Loadless block "hdmi_clk_buffered_INV_2_o1_INV_0" (BUF) removed.
The signal
"i_dvid_out/out_fifo/U0/xst_fifo_generator/gconvfifo.rf/grf.rf/gntv_or_sync_fifo
.gl0.wr/gwas.wsts/ram_full_i" is sourceless and has been removed.
The signal
"i_dvid_out/out_fifo/U0/xst_fifo_generator/gconvfifo.rf/grf.rf/gntv_or_sync_fifo
.gl0.rd/gras.rsts/ram_empty_i" is sourceless and has been removed.
Unused block
"i_dvid_out/out_fifo/U0/xst_fifo_generator/gconvfifo.rf/grf.rf/gntv_or_sync_fifo
.gl0.rd/gras.rsts/ram_empty_i" (FF) removed.
Unused block
"i_dvid_out/out_fifo/U0/xst_fifo_generator/gconvfifo.rf/grf.rf/gntv_or_sync_fifo
.gl0.wr/gwas.wsts/ram_full_i" (FF) removed.

Optimized Block(s):
TYPE 		BLOCK
GND 		XST_GND
VCC 		XST_VCC
GND 		i_dvid_out/out_fifo/XST_GND

To enable printing of redundant blocks removed and signals merged, set the
detailed map report option and rerun map.

Section 6 - IOB Properties
--------------------------

+---------------------------------------------------------------------------------------------------------------------------------------------------------+
| IOB Name                           | Type             | Direction | IO Standard          | Diff  | Drive    | Slew | Reg (s)      | Resistor | IOB      |
|                                    |                  |           |                      | Term  | Strength | Rate |              |          | Delay    |
+---------------------------------------------------------------------------------------------------------------------------------------------------------+
| blue<0>                            | IOB              | OUTPUT    | LVTTL                |       | 12       | SLOW |              |          |          |
| blue<1>                            | IOB              | OUTPUT    | LVTTL                |       | 12       | SLOW |              |          |          |
| btns<0>                            | IOB              | INPUT     | LVTTL                |       |          |      |              | PULLUP   |          |
| btns<1>                            | IOB              | INPUT     | LVTTL                |       |          |      |              | PULLUP   |          |
| btns<2>                            | IOB              | INPUT     | LVTTL                |       |          |      |              | PULLUP   |          |
| btns<3>                            | IOB              | INPUT     | LVTTL                |       |          |      |              | PULLUP   |          |
| clk32                              | IOB              | INPUT     | LVTTL                |       |          |      |              |          |          |
| clk50                              | IOB              | INPUT     | LVCMOS33             |       |          |      |              |          |          |
| green<0>                           | IOB              | OUTPUT    | LVTTL                |       | 12       | SLOW |              |          |          |
| green<1>                           | IOB              | OUTPUT    | LVTTL                |       | 12       | SLOW |              |          |          |
| green<2>                           | IOB              | OUTPUT    | LVTTL                |       | 12       | SLOW |              |          |          |
| hdmi_c0_n                          | IOB              | INPUT     | TMDS_33              |       |          |      |              |          |          |
| hdmi_c0_p                          | IOB              | INPUT     | TMDS_33              |       |          |      | ISERDES      |          |          |
| hdmi_c1_n                          | IOB              | INPUT     | TMDS_33              |       |          |      | ISERDES      |          |          |
| hdmi_c1_p                          | IOB              | INPUT     | TMDS_33              |       |          |      |              |          |          |
| hdmi_c2_n                          | IOB              | INPUT     | TMDS_33              |       |          |      | ISERDES      |          |          |
| hdmi_c2_p                          | IOB              | INPUT     | TMDS_33              |       |          |      |              |          |          |
| hdmi_clk_n                         | IOB              | INPUT     | TMDS_33              |       |          |      |              |          |          |
| hdmi_clk_p                         | IOB              | INPUT     | TMDS_33              |       |          |      |              |          |          |
| hdmi_sclk                          | IOB              | OUTPUT    | LVTTL                |       | 12       | SLOW |              |          |          |
| hdmi_sdat                          | IOB              | OUTPUT    | LVTTL                |       | 12       | SLOW |              |          |          |
| hsync0                             | IOB              | OUTPUT    | LVTTL                |       | 12       | SLOW |              |          |          |
| hsync1                             | IOB              | OUTPUT    | LVTTL                |       | 12       | SLOW |              |          |          |
| hsync2                             | IOB              | OUTPUT    | LVTTL                |       | 12       | SLOW |              |          |          |
| red<0>                             | IOB              | OUTPUT    | LVTTL                |       | 12       | SLOW |              |          |          |
| red<1>                             | IOB              | OUTPUT    | LVTTL                |       | 12       | SLOW |              |          |          |
| red<2>                             | IOB              | OUTPUT    | LVTTL                |       | 12       | SLOW |              |          |          |
| tmds_out_n<0>                      | IOBS             | OUTPUT    | TMDS_33              |       |          |      |              |          |          |
| tmds_out_n<1>                      | IOBS             | OUTPUT    | TMDS_33              |       |          |      |              |          |          |
| tmds_out_n<2>                      | IOBS             | OUTPUT    | TMDS_33              |       |          |      |              |          |          |
| tmds_out_n<3>                      | IOBS             | OUTPUT    | TMDS_33              |       |          |      |              |          |          |
| tmds_out_p<0>                      | IOBM             | OUTPUT    | TMDS_33              |       |          |      | OSERDES      |          |          |
| tmds_out_p<1>                      | IOBM             | OUTPUT    | TMDS_33              |       |          |      | OSERDES      |          |          |
| tmds_out_p<2>                      | IOBM             | OUTPUT    | TMDS_33              |       |          |      | OSERDES      |          |          |
| tmds_out_p<3>                      | IOBM             | OUTPUT    | TMDS_33              |       |          |      | OSERDES      |          |          |
| vsync0                             | IOB              | OUTPUT    | LVTTL                |       | 12       | SLOW |              |          |          |
| vsync1                             | IOB              | OUTPUT    | LVTTL                |       | 12       | SLOW |              |          |          |
| vsync2                             | IOB              | OUTPUT    | LVTTL                |       | 12       | SLOW |              |          |          |
+---------------------------------------------------------------------------------------------------------------------------------------------------------+

Section 7 - RPMs
----------------

Section 8 - Guide Report
------------------------
Guide not run on this design.

Section 9 - Area Group and Partition Summary
--------------------------------------------

Partition Implementation Status
-------------------------------

  No Partitions were found in this design.

-------------------------------

Area Group Information
----------------------

  No area groups were found in this design.

----------------------

Section 10 - Timing Report
--------------------------
A logic-level (pre-route) timing report can be generated by using Xilinx static
timing analysis tools, Timing Analyzer (GUI) or TRCE (command line), with the
mapped NCD and PCF files. Please note that this timing report will be generated
using estimated delay information. For accurate numbers, please generate a
timing report with the post Place and Route NCD file.

For more information about the Timing Analyzer, consult the Xilinx Timing
Analyzer Reference Manual; for more information about TRCE, consult the Xilinx
Command Line Tools User Guide "TRACE" chapter.

Section 11 - Configuration String Details
-----------------------------------------
Use the "-detail" map option to print out Configuration Strings

Section 12 - Control Set Information
------------------------------------
Use the "-detail" map option to print out Control Set Information.

Section 13 - Utilization by Hierarchy
-------------------------------------
Use the "-detail" map option to print out the Utilization by Hierarchy section.
